
> diliinfo-backend@0.1.0 dev:port
> wrangler dev --port 8787


 ⛅️ wrangler 4.22.0
───────────────────
Your Worker has access to the following bindings:
Binding                                                     Resource                  Mode
env.DB (diliinfo-db-dev)                                    D1 Database               local
env.JWT_SECRET ("dev-jwt-secret-change-in-production")      Environment Variable      local

⎔ Starting local server...
[wrangler:info] Ready on http://localhost:8787
[wrangler:info] GET / 404 Not Found (7ms)
[wrangler:info] GET /api/admin/stats 200 OK (37ms)
[wrangler:info] GET /pv.gif 200 OK (45ms)
[wrangler:info] GET /api/admin/stats 200 OK (24ms)
[wrangler:info] GET /api/admin/users 200 OK (33ms)
[wrangler:info] GET /api/admin/users 200 OK (12ms)
[wrangler:info] GET /api/admin/applications 500 Internal Server Error (13ms)
[wrangler:info] GET /api/admin/applications 500 Internal Server Error (4ms)
[wrangler:info] GET /api/admin/applications/guests 500 Internal Server Error (5ms)
[wrangler:info] GET /api/admin/applications/guests 500 Internal Server Error (4ms)
[wrangler:info] GET /pv.gif 200 OK (6ms)
[wrangler:info] POST /api/applications/guest 500 Internal Server Error (6ms)
[wrangler:info] POST /api/applications/guest 500 Internal Server Error (4ms)
[wrangler:info] GET /pv.gif 200 OK (6ms)
[wrangler:info] POST /api/auth/send-sms 200 OK (16ms)
发送验证码到 +1111111111111: 900532
[wrangler:info] GET /pv.gif 200 OK (12ms)
[wrangler:info] GET /pv.gif 200 OK (6ms)
[wrangler:info] POST /api/admin/auth/login 200 OK (10ms)
[wrangler:info] GET /pv.gif 200 OK (7ms)
[wrangler:info] GET /api/admin/stats 200 OK (25ms)
[wrangler:info] GET /api/admin/stats 200 OK (19ms)
[wrangler:info] GET /api/admin/users 200 OK (26ms)
[wrangler:info] GET /api/admin/users 200 OK (11ms)
[wrangler:info] GET /api/admin/applications 500 Internal Server Error (10ms)
[wrangler:info] GET /api/admin/applications 500 Internal Server Error (6ms)
[wrangler:info] GET /api/admin/applications/guests 500 Internal Server Error (7ms)
[wrangler:info] GET /api/admin/applications/guests 500 Internal Server Error (4ms)
